<?xml version="1.0" encoding="UTF-8" ?>
<testsuite tests="6" failures="0" name="Utils.JsonParserTest" time="0.037" errors="0" skipped="0">
  <properties>
[...]
</properties>
  <testcase classname="Utils.JsonParserTest" name="saveFromStringBuildingWithManyRooms" time="0.007"/>
  <testcase classname="Utils.JsonParserTest" name="saveFromStringBarrenBuilding" time="0.024"/>
  <testcase classname="Utils.JsonParserTest" name="getStringFromJsonBarren" time="0.002"/>
  <testcase classname="Utils.JsonParserTest" name="loadJsonBarrenBuilding" time="0.001"/>
  <testcase classname="Utils.JsonParserTest" name="loadJsonBuildingWithManyRooms" time="0.002"/>
  <testcase classname="Utils.JsonParserTest" name="getStringFromJsonRich" time="0.001"/>
</testsuite>